2025-04-24 14:36:22,451 - INFO - Fetched 100 reviews. Total: 100
2025-04-24 14:36:27,666 - INFO - Fetched 100 reviews. Total: 200
2025-04-24 14:36:32,884 - INFO - Fetched 100 reviews. Total: 300
2025-04-24 14:36:38,154 - INFO - Fetched 100 reviews. Total: 400
2025-04-24 14:36:43,386 - INFO - Fetched 100 reviews. Total: 500
2025-04-24 14:36:48,642 - INFO - Fetched 100 reviews. Total: 600
2025-04-24 14:36:53,908 - INFO - Fetched 100 reviews. Total: 700
2025-04-24 14:36:59,210 - INFO - Fetched 100 reviews. Total: 800
2025-04-24 14:37:04,445 - INFO - Fetched 100 reviews. Total: 900
2025-04-24 14:37:09,703 - INFO - Fetched 100 reviews. Total: 1000
2025-04-24 14:37:14,943 - INFO - Fetched 100 reviews. Total: 1100
2025-04-24 14:37:20,182 - INFO - Fetched 100 reviews. Total: 1200
2025-04-24 14:37:25,419 - INFO - Fetched 100 reviews. Total: 1300
2025-04-24 14:37:30,578 - INFO - Fetched 7 reviews. Total: 1307
2025-04-24 14:37:35,583 - INFO - Fetched 0 reviews. Total: 1307
2025-04-24 14:37:35,584 - INFO - No more reviews to fetch.
2025-04-24 14:37:35,588 - INFO - Committed 100 reviews to database.
2025-04-24 14:37:35,590 - INFO - Committed 200 reviews to database.
2025-04-24 14:37:35,592 - INFO - Committed 300 reviews to database.
2025-04-24 14:37:35,592 - INFO - Committed 400 reviews to database.
2025-04-24 14:37:35,593 - INFO - Committed 500 reviews to database.
2025-04-24 14:37:35,594 - INFO - Committed 600 reviews to database.
2025-04-24 14:37:35,595 - INFO - Committed 700 reviews to database.
2025-04-24 14:37:35,596 - INFO - Committed 800 reviews to database.
2025-04-24 14:37:35,596 - INFO - Committed 900 reviews to database.
2025-04-24 14:37:35,597 - INFO - Committed 1000 reviews to database.
2025-04-24 14:37:35,598 - INFO - Committed 1100 reviews to database.
2025-04-24 14:37:35,599 - INFO - Committed 1200 reviews to database.
2025-04-24 14:37:35,600 - INFO - Committed 1300 reviews to database.
2025-04-24 14:37:35,600 - INFO - Saved 1307 reviews to database.
2025-04-24 14:37:35,601 - INFO - Total reviews in database: 1307
